app/enzo/TestV3/app/build/intermediates/manifest_merge_blame_file/debug/manifest-merger-blame-debug-report.txt
1<?xml version="1.0" encoding="utf-8"?>
2<manifest xmlns:android="http://schemas.android.com/apk/res/android"
3    package="com.feifei.testv3"
4    android:versionCode="1"
5    android:versionName="1.0" >
6
7    <uses-sdk
8        android:minSdkVersion="21"
8-->src\main\AndroidManifest.xml
9        android:targetSdkVersion="30" />
9-->src\main\AndroidManifest.xml
10
11    <uses-permission android:name="android.permission.RECEIVE_BOOT_COMPLETED" />
11-->src\main\AndroidManifest.xml:5:5-81
11-->src\main\AndroidManifest.xml:5:22-78
12    <uses-permission
12-->src\main\AndroidManifest.xml:6:5-68
13        android:name="android.permission.BLUETOOTH"
13-->src\main\AndroidManifest.xml:6:22-65
14        android:required="false" />
14-->[org.altbeacon:android-beacon-library:2.18-beta3] AndroidManifest.xml:12:9-33
15    <uses-permission
15-->src\main\AndroidManifest.xml:7:5-74
16        android:name="android.permission.BLUETOOTH_ADMIN"
16-->src\main\AndroidManifest.xml:7:22-71
17        android:required="false" />
17-->[org.altbeacon:android-beacon-library:2.18-beta3] AndroidManifest.xml:15:9-33
18    <uses-permission android:name="android.permission.ACCESS_COARSE_LOCATION" />
18-->src\main\AndroidManifest.xml:8:5-81
18-->src\main\AndroidManifest.xml:8:22-78
19    <uses-permission android:name="android.permission.ACCESS_FINE_LOCATION" />
19-->src\main\AndroidManifest.xml:9:5-79
19-->src\main\AndroidManifest.xml:9:22-76
20    <uses-permission android:name="android.permission.WAKE_LOCK" />
20-->src\main\AndroidManifest.xml:10:5-68
20-->src\main\AndroidManifest.xml:10:22-65
21
22    <application
22-->src\main\AndroidManifest.xml:12:5-53:19
23        android:allowBackup="true"
23-->src\main\AndroidManifest.xml:13:9-35
24        android:appComponentFactory="androidx.core.app.CoreComponentFactory"
24-->[androidx.core:core:1.3.1] AndroidManifest.xml:24:18-86
25        android:debuggable="true"
26        android:icon="@mipmap/ic_launcher"
26-->src\main\AndroidManifest.xml:14:9-43
27        android:label="@string/app_name"
27-->src\main\AndroidManifest.xml:15:9-41
28        android:roundIcon="@mipmap/ic_launcher_round"
28-->src\main\AndroidManifest.xml:16:9-54
29        android:supportsRtl="true"
29-->src\main\AndroidManifest.xml:17:9-35
30        android:testOnly="true"
31        android:theme="@style/Theme.TestV3" >
31-->src\main\AndroidManifest.xml:18:9-44
32        <activity android:name="com.feifei.testv3.ViewClassesActivity" />
32-->src\main\AndroidManifest.xml:19:9-66
32-->src\main\AndroidManifest.xml:19:19-54
33        <activity
33-->src\main\AndroidManifest.xml:20:9-22:44
34            android:name="com.feifei.testv3.menu_popup"
34-->src\main\AndroidManifest.xml:21:13-39
35            android:theme="@style/PopMe" />
35-->src\main\AndroidManifest.xml:22:13-41
36        <activity
36-->src\main\AndroidManifest.xml:23:9-25:43
37            android:name="com.feifei.testv3.AdminLoginActivity"
37-->src\main\AndroidManifest.xml:24:13-47
38            android:label="Admin Login" />
38-->src\main\AndroidManifest.xml:25:13-40
39        <activity
39-->src\main\AndroidManifest.xml:26:9-28:52
40            android:name="com.feifei.testv3.SetCredentialsActivity"
40-->src\main\AndroidManifest.xml:27:13-51
41            android:label="Register Credentials" />
41-->src\main\AndroidManifest.xml:28:13-49
42        <activity
42-->src\main\AndroidManifest.xml:29:9-37:20
43            android:name="com.feifei.testv3.MainActivity"
43-->src\main\AndroidManifest.xml:30:13-41
44            android:label="Main Screen" >
44-->src\main\AndroidManifest.xml:31:13-40
45            <intent-filter>
45-->src\main\AndroidManifest.xml:32:13-36:29
46                <action android:name="android.intent.action.MAIN" />
46-->src\main\AndroidManifest.xml:33:17-69
46-->src\main\AndroidManifest.xml:33:25-66
47
48                <category android:name="android.intent.category.LAUNCHER" />
48-->src\main\AndroidManifest.xml:35:17-77
48-->src\main\AndroidManifest.xml:35:27-74
49            </intent-filter>
50        </activity>
51
52        <receiver android:name="com.feifei.testv3.AlarmReceiver" />
52-->src\main\AndroidManifest.xml:39:9-50
52-->src\main\AndroidManifest.xml:39:19-48
53        <receiver android:name="com.feifei.testv3.ClassAlarmReceiver" />
53-->src\main\AndroidManifest.xml:40:9-55
53-->src\main\AndroidManifest.xml:40:19-53
54        <receiver
54-->src\main\AndroidManifest.xml:41:9-49:20
55            android:name="com.feifei.testv3.BootReceiver"
55-->src\main\AndroidManifest.xml:41:19-47
56            android:enabled="true"
56-->src\main\AndroidManifest.xml:41:48-70
57            android:exported="true" >
57-->src\main\AndroidManifest.xml:41:71-94
58            <intent-filter>
58-->src\main\AndroidManifest.xml:42:13-48:29
59                <category android:name="android.intent.category.DEFAULT" />
59-->src\main\AndroidManifest.xml:43:17-75
59-->src\main\AndroidManifest.xml:43:27-73
60
61                <action android:name="android.intent.action.BOOT_COMPLETED" />
61-->src\main\AndroidManifest.xml:44:17-78
61-->src\main\AndroidManifest.xml:44:25-76
62                <action android:name="android.intent.action.QUICKBOOT_POWERON" />
62-->src\main\AndroidManifest.xml:45:17-81
62-->src\main\AndroidManifest.xml:45:25-79
63                <!-- For HTC devices -->
64                <action android:name="com.htc.intent.action.QUICKBOOT_POWERON" />
64-->src\main\AndroidManifest.xml:47:17-81
64-->src\main\AndroidManifest.xml:47:25-79
65            </intent-filter>
66        </receiver>
67
68        <service
68-->src\main\AndroidManifest.xml:51:9-52:72
69            android:name="com.feifei.testv3.ScanJobService"
69-->src\main\AndroidManifest.xml:51:18-48
70            android:permission="android.permission.BIND_JOB_SERVICE" />
70-->src\main\AndroidManifest.xml:52:13-69
71
72        <receiver android:name="org.altbeacon.beacon.startup.StartupBroadcastReceiver" >
72-->[org.altbeacon:android-beacon-library:2.18-beta3] AndroidManifest.xml:20:9-26:20
72-->[org.altbeacon:android-beacon-library:2.18-beta3] AndroidManifest.xml:20:19-87
73            <intent-filter>
73-->[org.altbeacon:android-beacon-library:2.18-beta3] AndroidManifest.xml:21:13-25:29
74                <action android:name="android.intent.action.BOOT_COMPLETED" />
74-->src\main\AndroidManifest.xml:44:17-78
74-->src\main\AndroidManifest.xml:44:25-76
75                <action android:name="android.intent.action.ACTION_POWER_CONNECTED" />
75-->[org.altbeacon:android-beacon-library:2.18-beta3] AndroidManifest.xml:23:17-87
75-->[org.altbeacon:android-beacon-library:2.18-beta3] AndroidManifest.xml:23:25-84
76                <action android:name="android.intent.action.ACTION_POWER_DISCONNECTED" />
76-->[org.altbeacon:android-beacon-library:2.18-beta3] AndroidManifest.xml:24:17-90
76-->[org.altbeacon:android-beacon-library:2.18-beta3] AndroidManifest.xml:24:25-87
77            </intent-filter>
78        </receiver>
79
80        <service
80-->[org.altbeacon:android-beacon-library:2.18-beta3] AndroidManifest.xml:28:9-33:38
81            android:name="org.altbeacon.beacon.service.BeaconService"
81-->[org.altbeacon:android-beacon-library:2.18-beta3] AndroidManifest.xml:29:13-70
82            android:enabled="true"
82-->[org.altbeacon:android-beacon-library:2.18-beta3] AndroidManifest.xml:30:13-35
83            android:exported="false"
83-->[org.altbeacon:android-beacon-library:2.18-beta3] AndroidManifest.xml:31:13-37
84            android:isolatedProcess="false"
84-->[org.altbeacon:android-beacon-library:2.18-beta3] AndroidManifest.xml:32:13-44
85            android:label="beacon" />
85-->[org.altbeacon:android-beacon-library:2.18-beta3] AndroidManifest.xml:33:13-35
86        <service
86-->[org.altbeacon:android-beacon-library:2.18-beta3] AndroidManifest.xml:34:9-37:40
87            android:name="org.altbeacon.beacon.BeaconIntentProcessor"
87-->[org.altbeacon:android-beacon-library:2.18-beta3] AndroidManifest.xml:35:13-70
88            android:enabled="true"
88-->[org.altbeacon:android-beacon-library:2.18-beta3] AndroidManifest.xml:36:13-35
89            android:exported="false" />
89-->[org.altbeacon:android-beacon-library:2.18-beta3] AndroidManifest.xml:37:13-37
90        <service
90-->[org.altbeacon:android-beacon-library:2.18-beta3] AndroidManifest.xml:38:9-47:19
91            android:name="org.altbeacon.beacon.service.ScanJob"
91-->[org.altbeacon:android-beacon-library:2.18-beta3] AndroidManifest.xml:39:13-64
92            android:permission="android.permission.BIND_JOB_SERVICE" >
92-->[org.altbeacon:android-beacon-library:2.18-beta3] AndroidManifest.xml:40:13-69
93            <meta-data
93-->[org.altbeacon:android-beacon-library:2.18-beta3] AndroidManifest.xml:41:13-43:45
94                android:name="immediateScanJobId"
94-->[org.altbeacon:android-beacon-library:2.18-beta3] AndroidManifest.xml:42:17-50
95                android:value="208352939" />
95-->[org.altbeacon:android-beacon-library:2.18-beta3] AndroidManifest.xml:43:17-42
96            <meta-data
96-->[org.altbeacon:android-beacon-library:2.18-beta3] AndroidManifest.xml:44:13-46:45
97                android:name="periodicScanJobId"
97-->[org.altbeacon:android-beacon-library:2.18-beta3] AndroidManifest.xml:45:17-49
98                android:value="208352940" />
98-->[org.altbeacon:android-beacon-library:2.18-beta3] AndroidManifest.xml:46:17-42
99        </service>
100        <service
100-->[org.altbeacon:android-beacon-library:2.18-beta3] AndroidManifest.xml:48:9-54:19
101            android:name="org.altbeacon.bluetooth.BluetoothTestJob"
101-->[org.altbeacon:android-beacon-library:2.18-beta3] AndroidManifest.xml:49:13-68
102            android:permission="android.permission.BIND_JOB_SERVICE" >
102-->[org.altbeacon:android-beacon-library:2.18-beta3] AndroidManifest.xml:50:13-69
103            <meta-data
103-->[org.altbeacon:android-beacon-library:2.18-beta3] AndroidManifest.xml:51:13-53:46
104                android:name="jobId"
104-->[org.altbeacon:android-beacon-library:2.18-beta3] AndroidManifest.xml:52:17-37
105                android:value="1799803768" />
105-->[org.altbeacon:android-beacon-library:2.18-beta3] AndroidManifest.xml:53:17-43
106        </service>
107    </application>
108
109</manifest>